<?xml version="1.0" encoding="UTF-8"?>
<!-- Generated by org.testng.reporters.JUnitXMLReporter -->
<testsuite hostname="BDC4-L-PF1V7L8G" ignored="0" name="TestngRunner" tests="2" failures="0" timestamp="23 Jun 2020 09:06:05 GMT" time="107.472" errors="0">
  <testcase name="@AfterTest tearDown" time="0.0" classname="com.alexion.linkstest.LinksTest">
    <failure type="java.lang.NullPointerException">
      <![CDATA[java.lang.NullPointerException
at com.alexion.linkstest.LinksTest.tearDown(LinksTest.java:102)
... Removed 24 stack frames]]>
    </failure>
  </testcase> <!-- @AfterTest tearDown -->
  <testcase name="medicalInformation" time="55.906" classname="com.alexion.linkstest.LinksTest"/>
  <testcase name="careerInquiries" time="51.52" classname="com.alexion.linkstest.LinksTest"/>
</testsuite> <!-- TestngRunner -->
